2018-04-08 22:25:11 [main] INFO  o.s.b.c.e.AnnotationConfigEmbeddedWebApplicationContext - Refreshing org.springframework.boot.context.embedded.AnnotationConfigEmbeddedWebApplicationContext@56a6d5a6: startup date [Sun Apr 08 22:25:11 GMT-04:00 2018]; root of context hierarchy
2018-04-08 22:25:22 [main] INFO  o.s.b.f.xml.XmlBeanDefinitionReader - Loading XML bean definitions from class path resource [META-INF/portal/context.xml]
2018-04-08 22:25:28 [main] INFO  o.s.b.f.xml.XmlBeanDefinitionReader - Loading XML bean definitions from class path resource [META-INF/cxf/cxf.xml]
2018-04-08 22:25:34 [main] INFO  o.s.b.c.e.t.TomcatEmbeddedServletContainer - Tomcat initialized with port(s): 8082 (http)
2018-04-08 22:25:35 [localhost-startStop-1] INFO  o.s.web.context.ContextLoader - Root WebApplicationContext: initialization completed in 23511 ms
2018-04-08 22:25:37 [localhost-startStop-1] INFO  o.s.b.w.s.ServletRegistrationBean - Mapping servlet: 'dispatcherServlet' to [/]
2018-04-08 22:25:37 [localhost-startStop-1] INFO  o.s.b.w.s.ServletRegistrationBean - Mapping servlet: 'CXFServlet' to [/api/*]
2018-04-08 22:25:37 [localhost-startStop-1] INFO  o.s.b.w.s.FilterRegistrationBean - Mapping filter: 'characterEncodingFilter' to: [/*]
2018-04-08 22:25:37 [localhost-startStop-1] INFO  o.s.b.w.s.FilterRegistrationBean - Mapping filter: 'hiddenHttpMethodFilter' to: [/*]
2018-04-08 22:25:37 [localhost-startStop-1] INFO  o.s.b.w.s.FilterRegistrationBean - Mapping filter: 'httpPutFormContentFilter' to: [/*]
2018-04-08 22:25:37 [localhost-startStop-1] INFO  o.s.b.w.s.FilterRegistrationBean - Mapping filter: 'requestContextFilter' to: [/*]
2018-04-08 22:25:37 [localhost-startStop-1] INFO  o.s.b.w.s.FilterRegistrationBean - Mapping filter: 'simpleCORSFilter' to: [/*]
2018-04-08 22:25:51 [main] INFO  o.s.o.j.LocalContainerEntityManagerFactoryBean - Building JPA container EntityManagerFactory for persistence unit 'default'
2018-04-08 22:25:56 [main] INFO  o.s.o.j.LocalContainerEntityManagerFactoryBean - Initialized JPA EntityManagerFactory for persistence unit 'default'
2018-04-08 22:26:01 [main] INFO  o.s.w.s.m.m.a.RequestMappingHandlerAdapter - Looking for @ControllerAdvice: org.springframework.boot.context.embedded.AnnotationConfigEmbeddedWebApplicationContext@56a6d5a6: startup date [Sun Apr 08 22:25:11 GMT-04:00 2018]; root of context hierarchy
2018-04-08 22:26:01 [main] INFO  o.s.w.s.m.m.a.RequestMappingHandlerMapping - Mapped "{[/error]}" onto public org.springframework.http.ResponseEntity<java.util.Map<java.lang.String, java.lang.Object>> org.springframework.boot.autoconfigure.web.BasicErrorController.error(javax.servlet.http.HttpServletRequest)
2018-04-08 22:26:01 [main] INFO  o.s.w.s.m.m.a.RequestMappingHandlerMapping - Mapped "{[/error],produces=[text/html]}" onto public org.springframework.web.servlet.ModelAndView org.springframework.boot.autoconfigure.web.BasicErrorController.errorHtml(javax.servlet.http.HttpServletRequest,javax.servlet.http.HttpServletResponse)
2018-04-08 22:26:02 [main] INFO  o.s.w.s.h.SimpleUrlHandlerMapping - Mapped URL path [/webjars/**] onto handler of type [class org.springframework.web.servlet.resource.ResourceHttpRequestHandler]
2018-04-08 22:26:02 [main] INFO  o.s.w.s.h.SimpleUrlHandlerMapping - Mapped URL path [/**] onto handler of type [class org.springframework.web.servlet.resource.ResourceHttpRequestHandler]
2018-04-08 22:26:02 [main] INFO  o.s.w.s.h.SimpleUrlHandlerMapping - Mapped URL path [/**/favicon.ico] onto handler of type [class org.springframework.web.servlet.resource.ResourceHttpRequestHandler]
2018-04-08 22:26:03 [main] INFO  o.s.j.e.a.AnnotationMBeanExporter - Registering beans for JMX exposure on startup
2018-04-08 22:26:03 [main] INFO  o.s.b.c.e.t.TomcatEmbeddedServletContainer - Tomcat started on port(s): 8082 (http)
2018-04-08 22:29:01 [http-nio-8082-exec-8] INFO  o.a.c.i.LoggingInInterceptor - Inbound Message
----------------------------
ID: 1
Address: http://localhost:8082/api/recipe/all
Encoding: UTF-8
Http-Method: GET
Content-Type: 
Headers: {Accept=[application/json, text/plain, */*], accept-encoding=[gzip, deflate], accept-language=[es-ES,es;q=0.8,en-US;q=0.5,en;q=0.3], cache-control=[max-age=0], connection=[keep-alive], Content-Type=[null], host=[localhost:8082], origin=[http://localhost:4200], referer=[http://localhost:4200/recipes], user-agent=[Mozilla/5.0 (Windows NT 6.3; Win64; x64; rv:56.0) Gecko/20100101 Firefox/56.0]}
--------------------------------------
2018-04-08 22:29:02 [http-nio-8082-exec-8] INFO  o.a.c.i.LoggingOutInterceptor - Outbound Message
---------------------------
ID: 1
Response-Code: 200
Content-Type: application/json
Headers: {Content-Type=[application/json], Date=[Mon, 09 Apr 2018 02:29:01 GMT]}
Payload: {"code":"200","description":"ok","recipes":[{"id":1,"name":"Macarrones con queso","description":"Lo mejor que te pasó en la vida.","imagePath":"http://food.fnr.sndimg.com/content/dam/images/food/fullset/2011/11/14/0/WU-0103_mac-and-cheese_s4x3.jpg.rend.hgtvcom.616.462.suffix/1382541000580.jpeg","ingredients":[{"name":"Macarrones","amount":50.0,"recipeId":1},{"name":"Queso","amount":4.0,"recipeId":1}]},{"id":2,"name":"Hamburguesa grasienta","description":"Mejor que la que hace el chef Ramsay","imagePath":"https://upload.wikimedia.org/wikipedia/commons/b/be/Burger_King_Angus_Bacon_%26_Cheese_Steak_Burger.jpg","ingredients":[{"name":"Carne","amount":1.0,"recipeId":2},{"name":"Panes","amount":2.0,"recipeId":2}]},{"id":3,"name":"Milanga con fritas","description":"Mejor que la que te hace tu abuela","imagePath":"https://upload.wikimedia.org/wikipedia/commons/7/72/Schnitzel.JPG","ingredients":[{"name":"Carne","amount":1.0,"recipeId":3},{"name":"Fritas","amount":40.0,"recipeId":3}]},{"id":4,"name":"Humus","description":"Ideal para untar","imagePath":"https://i.ytimg.com/vi/EtU2f0qrGrY/maxresdefault.jpg","ingredients":[{"name":"Garbanzos","amount":500.0,"recipeId":4}]}]}
--------------------------------------
2018-04-08 22:29:07 [http-nio-8082-exec-9] INFO  o.a.c.i.LoggingInInterceptor - Inbound Message
----------------------------
ID: 2
Address: http://localhost:8082/api/recipe/all
Encoding: UTF-8
Http-Method: GET
Content-Type: 
Headers: {Accept=[application/json, text/plain, */*], accept-encoding=[gzip, deflate], accept-language=[es-ES,es;q=0.8,en-US;q=0.5,en;q=0.3], connection=[keep-alive], Content-Type=[null], host=[localhost:8082], origin=[http://localhost:4200], referer=[http://localhost:4200/recipes], user-agent=[Mozilla/5.0 (Windows NT 6.3; Win64; x64; rv:56.0) Gecko/20100101 Firefox/56.0]}
--------------------------------------
2018-04-08 22:29:07 [http-nio-8082-exec-9] INFO  o.a.c.i.LoggingOutInterceptor - Outbound Message
---------------------------
ID: 2
Response-Code: 200
Content-Type: application/json
Headers: {Content-Type=[application/json], Date=[Mon, 09 Apr 2018 02:29:07 GMT]}
Payload: {"code":"200","description":"ok","recipes":[{"id":1,"name":"Macarrones con queso","description":"Lo mejor que te pasó en la vida.","imagePath":"http://food.fnr.sndimg.com/content/dam/images/food/fullset/2011/11/14/0/WU-0103_mac-and-cheese_s4x3.jpg.rend.hgtvcom.616.462.suffix/1382541000580.jpeg","ingredients":[{"name":"Macarrones","amount":50.0,"recipeId":1},{"name":"Queso","amount":4.0,"recipeId":1}]},{"id":2,"name":"Hamburguesa grasienta","description":"Mejor que la que hace el chef Ramsay","imagePath":"https://upload.wikimedia.org/wikipedia/commons/b/be/Burger_King_Angus_Bacon_%26_Cheese_Steak_Burger.jpg","ingredients":[{"name":"Carne","amount":1.0,"recipeId":2},{"name":"Panes","amount":2.0,"recipeId":2}]},{"id":3,"name":"Milanga con fritas","description":"Mejor que la que te hace tu abuela","imagePath":"https://upload.wikimedia.org/wikipedia/commons/7/72/Schnitzel.JPG","ingredients":[{"name":"Carne","amount":1.0,"recipeId":3},{"name":"Fritas","amount":40.0,"recipeId":3}]},{"id":4,"name":"Humus","description":"Ideal para untar","imagePath":"https://i.ytimg.com/vi/EtU2f0qrGrY/maxresdefault.jpg","ingredients":[{"name":"Garbanzos","amount":500.0,"recipeId":4}]}]}
--------------------------------------
2018-04-08 22:29:29 [http-nio-8082-exec-10] INFO  o.a.c.i.LoggingInInterceptor - Inbound Message
----------------------------
ID: 3
Address: http://localhost:8082/api/recipe/post
Encoding: UTF-8
Http-Method: OPTIONS
Content-Type: 
Headers: {Accept=[text/html,application/xhtml+xml,application/xml;q=0.9,*/*;q=0.8], accept-encoding=[gzip, deflate], accept-language=[es-ES,es;q=0.8,en-US;q=0.5,en;q=0.3], access-control-request-headers=[content-type], access-control-request-method=[POST], connection=[keep-alive], Content-Type=[null], host=[localhost:8082], origin=[http://localhost:4200], user-agent=[Mozilla/5.0 (Windows NT 6.3; Win64; x64; rv:56.0) Gecko/20100101 Firefox/56.0]}
--------------------------------------
2018-04-08 22:29:29 [http-nio-8082-exec-10] INFO  o.a.c.i.LoggingOutInterceptor - Outbound Message
---------------------------
ID: 3
Response-Code: 200
Content-Type: 
Headers: {Allow=[DELETE, POST, GET, PUT, OPTIONS, HEAD], Date=[Mon, 09 Apr 2018 02:29:29 GMT], Content-Length=[0]}
--------------------------------------
2018-04-08 22:29:29 [http-nio-8082-exec-7] INFO  o.a.c.i.LoggingInInterceptor - Inbound Message
----------------------------
ID: 4
Address: http://localhost:8082/api/recipe/post
Encoding: UTF-8
Http-Method: POST
Content-Type: application/json
Headers: {Accept=[application/json, text/plain, */*], accept-encoding=[gzip, deflate], accept-language=[es-ES,es;q=0.8,en-US;q=0.5,en;q=0.3], connection=[keep-alive], Content-Length=[115], content-type=[application/json], host=[localhost:8082], origin=[http://localhost:4200], referer=[http://localhost:4200/recipes/add], user-agent=[Mozilla/5.0 (Windows NT 6.3; Win64; x64; rv:56.0) Gecko/20100101 Firefox/56.0]}
Payload: {"id":0,"name":"s","description":"s","imagePath":"s","ingredients":[{"id":0,"name":"s","amount":"1","recipeId":0}]}
--------------------------------------
2018-04-08 22:29:30 [http-nio-8082-exec-7] INFO  o.a.c.i.LoggingOutInterceptor - Outbound Message
---------------------------
ID: 4
Response-Code: 500
Content-Type: 
Headers: {Date=[Mon, 09 Apr 2018 02:29:30 GMT], Content-Length=[0]}
--------------------------------------
2018-04-08 22:29:31 [http-nio-8082-exec-5] INFO  o.a.c.i.LoggingInInterceptor - Inbound Message
----------------------------
ID: 5
Address: http://localhost:8082/api/recipe/post
Encoding: UTF-8
Http-Method: POST
Content-Type: application/json
Headers: {Accept=[application/json, text/plain, */*], accept-encoding=[gzip, deflate], accept-language=[es-ES,es;q=0.8,en-US;q=0.5,en;q=0.3], connection=[keep-alive], Content-Length=[115], content-type=[application/json], host=[localhost:8082], origin=[http://localhost:4200], referer=[http://localhost:4200/recipes/add], user-agent=[Mozilla/5.0 (Windows NT 6.3; Win64; x64; rv:56.0) Gecko/20100101 Firefox/56.0]}
Payload: {"id":0,"name":"s","description":"s","imagePath":"s","ingredients":[{"id":0,"name":"s","amount":"1","recipeId":0}]}
--------------------------------------
2018-04-08 22:29:31 [http-nio-8082-exec-5] INFO  o.a.c.i.LoggingOutInterceptor - Outbound Message
---------------------------
ID: 5
Response-Code: 500
Content-Type: 
Headers: {Date=[Mon, 09 Apr 2018 02:29:31 GMT], Content-Length=[0]}
--------------------------------------
2018-04-08 22:32:14 [main] INFO  o.s.b.c.e.AnnotationConfigEmbeddedWebApplicationContext - Refreshing org.springframework.boot.context.embedded.AnnotationConfigEmbeddedWebApplicationContext@56a6d5a6: startup date [Sun Apr 08 22:32:14 GMT-04:00 2018]; root of context hierarchy
2018-04-08 22:32:17 [main] INFO  o.s.b.f.xml.XmlBeanDefinitionReader - Loading XML bean definitions from class path resource [META-INF/portal/context.xml]
2018-04-08 22:32:17 [main] INFO  o.s.b.f.xml.XmlBeanDefinitionReader - Loading XML bean definitions from class path resource [META-INF/cxf/cxf.xml]
2018-04-08 22:32:20 [main] INFO  o.s.b.c.e.t.TomcatEmbeddedServletContainer - Tomcat initialized with port(s): 8082 (http)
2018-04-08 22:32:20 [localhost-startStop-1] INFO  o.s.web.context.ContextLoader - Root WebApplicationContext: initialization completed in 6052 ms
2018-04-08 22:32:21 [localhost-startStop-1] INFO  o.s.b.w.s.ServletRegistrationBean - Mapping servlet: 'dispatcherServlet' to [/]
2018-04-08 22:32:21 [localhost-startStop-1] INFO  o.s.b.w.s.ServletRegistrationBean - Mapping servlet: 'CXFServlet' to [/api/*]
2018-04-08 22:32:21 [localhost-startStop-1] INFO  o.s.b.w.s.FilterRegistrationBean - Mapping filter: 'characterEncodingFilter' to: [/*]
2018-04-08 22:32:21 [localhost-startStop-1] INFO  o.s.b.w.s.FilterRegistrationBean - Mapping filter: 'hiddenHttpMethodFilter' to: [/*]
2018-04-08 22:32:21 [localhost-startStop-1] INFO  o.s.b.w.s.FilterRegistrationBean - Mapping filter: 'httpPutFormContentFilter' to: [/*]
2018-04-08 22:32:21 [localhost-startStop-1] INFO  o.s.b.w.s.FilterRegistrationBean - Mapping filter: 'requestContextFilter' to: [/*]
2018-04-08 22:32:21 [localhost-startStop-1] INFO  o.s.b.w.s.FilterRegistrationBean - Mapping filter: 'simpleCORSFilter' to: [/*]
2018-04-08 22:32:25 [main] INFO  o.s.o.j.LocalContainerEntityManagerFactoryBean - Building JPA container EntityManagerFactory for persistence unit 'default'
2018-04-08 22:32:29 [main] INFO  o.s.o.j.LocalContainerEntityManagerFactoryBean - Initialized JPA EntityManagerFactory for persistence unit 'default'
2018-04-08 22:32:33 [main] INFO  o.s.w.s.m.m.a.RequestMappingHandlerAdapter - Looking for @ControllerAdvice: org.springframework.boot.context.embedded.AnnotationConfigEmbeddedWebApplicationContext@56a6d5a6: startup date [Sun Apr 08 22:32:14 GMT-04:00 2018]; root of context hierarchy
2018-04-08 22:32:33 [main] INFO  o.s.w.s.m.m.a.RequestMappingHandlerMapping - Mapped "{[/error]}" onto public org.springframework.http.ResponseEntity<java.util.Map<java.lang.String, java.lang.Object>> org.springframework.boot.autoconfigure.web.BasicErrorController.error(javax.servlet.http.HttpServletRequest)
2018-04-08 22:32:33 [main] INFO  o.s.w.s.m.m.a.RequestMappingHandlerMapping - Mapped "{[/error],produces=[text/html]}" onto public org.springframework.web.servlet.ModelAndView org.springframework.boot.autoconfigure.web.BasicErrorController.errorHtml(javax.servlet.http.HttpServletRequest,javax.servlet.http.HttpServletResponse)
2018-04-08 22:32:33 [main] INFO  o.s.w.s.h.SimpleUrlHandlerMapping - Mapped URL path [/webjars/**] onto handler of type [class org.springframework.web.servlet.resource.ResourceHttpRequestHandler]
2018-04-08 22:32:33 [main] INFO  o.s.w.s.h.SimpleUrlHandlerMapping - Mapped URL path [/**] onto handler of type [class org.springframework.web.servlet.resource.ResourceHttpRequestHandler]
2018-04-08 22:32:33 [main] INFO  o.s.w.s.h.SimpleUrlHandlerMapping - Mapped URL path [/**/favicon.ico] onto handler of type [class org.springframework.web.servlet.resource.ResourceHttpRequestHandler]
2018-04-08 22:32:34 [main] INFO  o.s.j.e.a.AnnotationMBeanExporter - Registering beans for JMX exposure on startup
2018-04-08 22:32:34 [main] INFO  o.s.b.c.e.t.TomcatEmbeddedServletContainer - Tomcat started on port(s): 8082 (http)
2018-04-08 22:33:09 [http-nio-8082-exec-1] INFO  o.a.c.i.LoggingInInterceptor - Inbound Message
----------------------------
ID: 1
Address: http://localhost:8082/api/recipe/post
Encoding: UTF-8
Http-Method: POST
Content-Type: application/json
Headers: {Accept=[application/json, text/plain, */*], accept-encoding=[gzip, deflate], accept-language=[es-ES,es;q=0.8,en-US;q=0.5,en;q=0.3], connection=[keep-alive], Content-Length=[115], content-type=[application/json], host=[localhost:8082], origin=[http://localhost:4200], referer=[http://localhost:4200/recipes/add], user-agent=[Mozilla/5.0 (Windows NT 6.3; Win64; x64; rv:56.0) Gecko/20100101 Firefox/56.0]}
Payload: {"id":0,"name":"s","description":"s","imagePath":"s","ingredients":[{"id":0,"name":"s","amount":"1","recipeId":0}]}
--------------------------------------
2018-04-08 22:33:11 [http-nio-8082-exec-1] INFO  o.a.c.i.LoggingOutInterceptor - Outbound Message
---------------------------
ID: 1
Response-Code: 200
Content-Type: application/json
Headers: {Content-Type=[application/json], Date=[Mon, 09 Apr 2018 02:33:11 GMT]}
Payload: {"code":"200","description":"ok","recipes":[]}
--------------------------------------
2018-04-08 22:33:12 [http-nio-8082-exec-2] INFO  o.a.c.i.LoggingInInterceptor - Inbound Message
----------------------------
ID: 2
Address: http://localhost:8082/api/recipe/all
Encoding: UTF-8
Http-Method: GET
Content-Type: 
Headers: {Accept=[application/json, text/plain, */*], accept-encoding=[gzip, deflate], accept-language=[es-ES,es;q=0.8,en-US;q=0.5,en;q=0.3], connection=[keep-alive], Content-Type=[null], host=[localhost:8082], origin=[http://localhost:4200], referer=[http://localhost:4200/recipes/add], user-agent=[Mozilla/5.0 (Windows NT 6.3; Win64; x64; rv:56.0) Gecko/20100101 Firefox/56.0]}
--------------------------------------
2018-04-08 22:33:12 [http-nio-8082-exec-2] INFO  o.a.c.i.LoggingOutInterceptor - Outbound Message
---------------------------
ID: 2
Response-Code: 200
Content-Type: application/json
Headers: {Content-Type=[application/json], Date=[Mon, 09 Apr 2018 02:33:12 GMT]}
Payload: {"code":"200","description":"ok","recipes":[{"id":1,"name":"Macarrones con queso","description":"Lo mejor que te pasó en la vida.","imagePath":"http://food.fnr.sndimg.com/content/dam/images/food/fullset/2011/11/14/0/WU-0103_mac-and-cheese_s4x3.jpg.rend.hgtvcom.616.462.suffix/1382541000580.jpeg","ingredients":[{"id":2,"name":"Macarrones","amount":50.0,"recipeId":1},{"id":3,"name":"Queso","amount":4.0,"recipeId":1}]},{"id":2,"name":"Hamburguesa grasienta","description":"Mejor que la que hace el chef Ramsay","imagePath":"https://upload.wikimedia.org/wikipedia/commons/b/be/Burger_King_Angus_Bacon_%26_Cheese_Steak_Burger.jpg","ingredients":[{"id":4,"name":"Carne","amount":1.0,"recipeId":2},{"id":5,"name":"Panes","amount":2.0,"recipeId":2}]},{"id":3,"name":"Milanga con fritas","description":"Mejor que la que te hace tu abuela","imagePath":"https://upload.wikimedia.org/wikipedia/commons/7/72/Schnitzel.JPG","ingredients":[{"id":6,"name":"Carne","amount":1.0,"recipeId":3},{"id":7,"name":"Fritas","amount":40.0,"recipeId":3}]},{"id":4,"name":"Humus","description":"Ideal para untar","imagePath":"https://i.ytimg.com/vi/EtU2f0qrGrY/maxresdefault.jpg","ingredients":[{"id":1,"name":"Garbanzos","amount":500.0,"recipeId":4}]},{"id":5,"name":"s","description":"s","imagePath":"s","ingredients":[{"id":8,"name":"s","amount":1.0,"recipeId":5}]}]}
--------------------------------------
2018-04-08 22:33:34 [http-nio-8082-exec-3] INFO  o.a.c.i.LoggingInInterceptor - Inbound Message
----------------------------
ID: 3
Address: http://localhost:8082/api/ingredient/all
Encoding: UTF-8
Http-Method: GET
Content-Type: 
Headers: {Accept=[application/json, text/plain, */*], accept-encoding=[gzip, deflate], accept-language=[es-ES,es;q=0.8,en-US;q=0.5,en;q=0.3], connection=[keep-alive], Content-Type=[null], host=[localhost:8082], origin=[http://localhost:4200], referer=[http://localhost:4200/recipes/ingredients], user-agent=[Mozilla/5.0 (Windows NT 6.3; Win64; x64; rv:56.0) Gecko/20100101 Firefox/56.0]}
--------------------------------------
2018-04-08 22:33:34 [http-nio-8082-exec-3] INFO  o.a.c.i.LoggingOutInterceptor - Outbound Message
---------------------------
ID: 3
Response-Code: 200
Content-Type: application/json
Headers: {Content-Type=[application/json], Date=[Mon, 09 Apr 2018 02:33:34 GMT]}
Payload: {"code":"200","description":"ok","ingredients":[["Carne",2.0],["Fritas",40.0],["Garbanzos",500.0],["Macarrones",50.0],["Panes",2.0],["Queso",4.0],["s",1.0]]}
--------------------------------------
2018-04-08 22:33:47 [http-nio-8082-exec-4] INFO  o.a.c.i.LoggingInInterceptor - Inbound Message
----------------------------
ID: 4
Address: http://localhost:8082/api/ingredient/all
Encoding: UTF-8
Http-Method: GET
Content-Type: 
Headers: {Accept=[application/json, text/plain, */*], accept-encoding=[gzip, deflate], accept-language=[es-ES,es;q=0.8,en-US;q=0.5,en;q=0.3], connection=[keep-alive], Content-Type=[null], host=[localhost:8082], origin=[http://localhost:4200], referer=[http://localhost:4200/recipes/ingredients], user-agent=[Mozilla/5.0 (Windows NT 6.3; Win64; x64; rv:56.0) Gecko/20100101 Firefox/56.0]}
--------------------------------------
2018-04-08 22:33:47 [http-nio-8082-exec-4] INFO  o.a.c.i.LoggingOutInterceptor - Outbound Message
---------------------------
ID: 4
Response-Code: 200
Content-Type: application/json
Headers: {Content-Type=[application/json], Date=[Mon, 09 Apr 2018 02:33:47 GMT]}
Payload: {"code":"200","description":"ok","ingredients":[["Carne",2.0],["Fritas",40.0],["Garbanzos",500.0],["Macarrones",50.0],["Panes",2.0],["Queso",4.0],["s",1.0]]}
--------------------------------------
2018-04-08 22:34:47 [http-nio-8082-exec-5] INFO  o.a.c.i.LoggingInInterceptor - Inbound Message
----------------------------
ID: 5
Address: http://localhost:8082/api/recipe/all
Encoding: UTF-8
Http-Method: GET
Content-Type: 
Headers: {Accept=[application/json, text/plain, */*], accept-encoding=[gzip, deflate], accept-language=[es-ES,es;q=0.8,en-US;q=0.5,en;q=0.3], cache-control=[max-age=0], connection=[keep-alive], Content-Type=[null], host=[localhost:8082], origin=[http://localhost:4200], referer=[http://localhost:4200/recipes/ingredients], user-agent=[Mozilla/5.0 (Windows NT 6.3; Win64; x64; rv:56.0) Gecko/20100101 Firefox/56.0]}
--------------------------------------
2018-04-08 22:34:47 [http-nio-8082-exec-6] INFO  o.a.c.i.LoggingInInterceptor - Inbound Message
----------------------------
ID: 6
Address: http://localhost:8082/api/ingredient/all
Encoding: UTF-8
Http-Method: GET
Content-Type: 
Headers: {Accept=[application/json, text/plain, */*], accept-encoding=[gzip, deflate], accept-language=[es-ES,es;q=0.8,en-US;q=0.5,en;q=0.3], cache-control=[max-age=0], connection=[keep-alive], Content-Type=[null], host=[localhost:8082], origin=[http://localhost:4200], referer=[http://localhost:4200/recipes/ingredients], user-agent=[Mozilla/5.0 (Windows NT 6.3; Win64; x64; rv:56.0) Gecko/20100101 Firefox/56.0]}
--------------------------------------
2018-04-08 22:34:47 [http-nio-8082-exec-5] INFO  o.a.c.i.LoggingOutInterceptor - Outbound Message
---------------------------
ID: 5
Response-Code: 200
Content-Type: application/json
Headers: {Content-Type=[application/json], Date=[Mon, 09 Apr 2018 02:34:47 GMT]}
Payload: {"code":"200","description":"ok","recipes":[{"id":1,"name":"Macarrones con queso","description":"Lo mejor que te pasó en la vida.","imagePath":"http://food.fnr.sndimg.com/content/dam/images/food/fullset/2011/11/14/0/WU-0103_mac-and-cheese_s4x3.jpg.rend.hgtvcom.616.462.suffix/1382541000580.jpeg","ingredients":[{"id":2,"name":"Macarrones","amount":50.0,"recipeId":1},{"id":3,"name":"Queso","amount":4.0,"recipeId":1}]},{"id":2,"name":"Hamburguesa grasienta","description":"Mejor que la que hace el chef Ramsay","imagePath":"https://upload.wikimedia.org/wikipedia/commons/b/be/Burger_King_Angus_Bacon_%26_Cheese_Steak_Burger.jpg","ingredients":[{"id":4,"name":"Carne","amount":1.0,"recipeId":2},{"id":5,"name":"Panes","amount":2.0,"recipeId":2}]},{"id":3,"name":"Milanga con fritas","description":"Mejor que la que te hace tu abuela","imagePath":"https://upload.wikimedia.org/wikipedia/commons/7/72/Schnitzel.JPG","ingredients":[{"id":6,"name":"Carne","amount":1.0,"recipeId":3},{"id":7,"name":"Fritas","amount":40.0,"recipeId":3}]},{"id":4,"name":"Humus","description":"Ideal para untar","imagePath":"https://i.ytimg.com/vi/EtU2f0qrGrY/maxresdefault.jpg","ingredients":[{"id":1,"name":"Garbanzos","amount":500.0,"recipeId":4}]},{"id":5,"name":"s","description":"s","imagePath":"s","ingredients":[{"id":8,"name":"s","amount":1.0,"recipeId":5}]}]}
--------------------------------------
2018-04-08 22:34:47 [http-nio-8082-exec-6] INFO  o.a.c.i.LoggingOutInterceptor - Outbound Message
---------------------------
ID: 6
Response-Code: 200
Content-Type: application/json
Headers: {Content-Type=[application/json], Date=[Mon, 09 Apr 2018 02:34:47 GMT]}
Payload: {"code":"200","description":"ok","ingredients":[["Carne",2.0],["Fritas",40.0],["Garbanzos",500.0],["Macarrones",50.0],["Panes",2.0],["Queso",4.0],["s",1.0]]}
--------------------------------------
2018-04-08 22:35:22 [http-nio-8082-exec-7] INFO  o.a.c.i.LoggingInInterceptor - Inbound Message
----------------------------
ID: 7
Address: http://localhost:8082/api/recipe/update
Encoding: UTF-8
Http-Method: OPTIONS
Content-Type: 
Headers: {Accept=[text/html,application/xhtml+xml,application/xml;q=0.9,*/*;q=0.8], accept-encoding=[gzip, deflate], accept-language=[es-ES,es;q=0.8,en-US;q=0.5,en;q=0.3], access-control-request-headers=[content-type], access-control-request-method=[PUT], connection=[keep-alive], Content-Type=[null], host=[localhost:8082], origin=[http://localhost:4200], user-agent=[Mozilla/5.0 (Windows NT 6.3; Win64; x64; rv:56.0) Gecko/20100101 Firefox/56.0]}
--------------------------------------
2018-04-08 22:35:22 [http-nio-8082-exec-7] INFO  o.a.c.i.LoggingOutInterceptor - Outbound Message
---------------------------
ID: 7
Response-Code: 200
Content-Type: 
Headers: {Allow=[DELETE, POST, GET, PUT, OPTIONS, HEAD], Date=[Mon, 09 Apr 2018 02:35:22 GMT], Content-Length=[0]}
--------------------------------------
2018-04-08 22:35:23 [http-nio-8082-exec-8] INFO  o.a.c.i.LoggingInInterceptor - Inbound Message
----------------------------
ID: 8
Address: http://localhost:8082/api/recipe/update
Encoding: UTF-8
Http-Method: PUT
Content-Type: application/json
Headers: {Accept=[application/json, text/plain, */*], accept-encoding=[gzip, deflate], accept-language=[es-ES,es;q=0.8,en-US;q=0.5,en;q=0.3], connection=[keep-alive], Content-Length=[420], content-type=[application/json], host=[localhost:8082], origin=[http://localhost:4200], referer=[http://localhost:4200/recipes/add/0], user-agent=[Mozilla/5.0 (Windows NT 6.3; Win64; x64; rv:56.0) Gecko/20100101 Firefox/56.0]}
Payload: {"id":1,"name":"Macarrones con queso","description":"Lo mejor que te pasó en la vida.","imagePath":"http://food.fnr.sndimg.com/content/dam/images/food/fullset/2011/11/14/0/WU-0103_mac-and-cheese_s4x3.jpg.rend.hgtvcom.616.462.suffix/1382541000580.jpeg","ingredients":[{"id":2,"name":"Macarrones","amount":50,"recipeId":1},{"id":3,"name":"Queso","amount":4,"recipeId":1},{"id":0,"name":"s","amount":"1000","recipeId":1}]}
--------------------------------------
2018-04-08 22:35:24 [http-nio-8082-exec-8] INFO  o.a.c.i.LoggingOutInterceptor - Outbound Message
---------------------------
ID: 8
Response-Code: 200
Content-Type: application/json
Headers: {Content-Type=[application/json], Date=[Mon, 09 Apr 2018 02:35:24 GMT]}
Payload: {"code":"200","description":"ok","recipes":[]}
--------------------------------------
2018-04-08 22:35:24 [http-nio-8082-exec-10] INFO  o.a.c.i.LoggingInInterceptor - Inbound Message
----------------------------
ID: 9
Address: http://localhost:8082/api/recipe/all
Encoding: UTF-8
Http-Method: GET
Content-Type: 
Headers: {Accept=[application/json, text/plain, */*], accept-encoding=[gzip, deflate], accept-language=[es-ES,es;q=0.8,en-US;q=0.5,en;q=0.3], connection=[keep-alive], Content-Type=[null], host=[localhost:8082], origin=[http://localhost:4200], referer=[http://localhost:4200/recipes/add/0], user-agent=[Mozilla/5.0 (Windows NT 6.3; Win64; x64; rv:56.0) Gecko/20100101 Firefox/56.0]}
--------------------------------------
2018-04-08 22:35:24 [http-nio-8082-exec-10] INFO  o.a.c.i.LoggingOutInterceptor - Outbound Message
---------------------------
ID: 9
Response-Code: 200
Content-Type: application/json
Headers: {Content-Type=[application/json], Date=[Mon, 09 Apr 2018 02:35:24 GMT]}
Payload: {"code":"200","description":"ok","recipes":[{"id":1,"name":"Macarrones con queso","description":"Lo mejor que te pasó en la vida.","imagePath":"http://food.fnr.sndimg.com/content/dam/images/food/fullset/2011/11/14/0/WU-0103_mac-and-cheese_s4x3.jpg.rend.hgtvcom.616.462.suffix/1382541000580.jpeg","ingredients":[{"id":2,"name":"Macarrones","amount":50.0,"recipeId":1},{"id":3,"name":"Queso","amount":4.0,"recipeId":1},{"id":9,"name":"s","amount":1000.0,"recipeId":1}]},{"id":2,"name":"Hamburguesa grasienta","description":"Mejor que la que hace el chef Ramsay","imagePath":"https://upload.wikimedia.org/wikipedia/commons/b/be/Burger_King_Angus_Bacon_%26_Cheese_Steak_Burger.jpg","ingredients":[{"id":4,"name":"Carne","amount":1.0,"recipeId":2},{"id":5,"name":"Panes","amount":2.0,"recipeId":2}]},{"id":3,"name":"Milanga con fritas","description":"Mejor que la que te hace tu abuela","imagePath":"https://upload.wikimedia.org/wikipedia/commons/7/72/Schnitzel.JPG","ingredients":[{"id":6,"name":"Carne","amount":1.0,"recipeId":3},{"id":7,"name":"Fritas","amount":40.0,"recipeId":3}]},{"id":4,"name":"Humus","description":"Ideal para untar","imagePath":"https://i.ytimg.com/vi/EtU2f0qrGrY/maxresdefault.jpg","ingredients":[{"id":1,"name":"Garbanzos","amount":500.0,"recipeId":4}]},{"id":5,"name":"s","description":"s","imagePath":"s","ingredients":[{"id":8,"name":"s","amount":1.0,"recipeId":5}]}]}
--------------------------------------
2018-04-08 22:35:30 [http-nio-8082-exec-9] INFO  o.a.c.i.LoggingInInterceptor - Inbound Message
----------------------------
ID: 10
Address: http://localhost:8082/api/ingredient/all
Encoding: UTF-8
Http-Method: GET
Content-Type: 
Headers: {Accept=[application/json, text/plain, */*], accept-encoding=[gzip, deflate], accept-language=[es-ES,es;q=0.8,en-US;q=0.5,en;q=0.3], connection=[keep-alive], Content-Type=[null], host=[localhost:8082], origin=[http://localhost:4200], referer=[http://localhost:4200/recipes/ingredients], user-agent=[Mozilla/5.0 (Windows NT 6.3; Win64; x64; rv:56.0) Gecko/20100101 Firefox/56.0]}
--------------------------------------
2018-04-08 22:35:30 [http-nio-8082-exec-9] INFO  o.a.c.i.LoggingOutInterceptor - Outbound Message
---------------------------
ID: 10
Response-Code: 200
Content-Type: application/json
Headers: {Content-Type=[application/json], Date=[Mon, 09 Apr 2018 02:35:30 GMT]}
Payload: {"code":"200","description":"ok","ingredients":[["Carne",2.0],["Fritas",40.0],["Garbanzos",500.0],["Macarrones",50.0],["Panes",2.0],["Queso",4.0],["s",1001.0]]}
--------------------------------------
